<?xml version="1.0" encoding="UTF-8"?>
<!-- Generated by org.testng.reporters.JUnitXMLReporter -->
<testsuite ignored="18" hostname="DESKTOP-NV9V8N4" failures="0" tests="31" name="BestBuyTest" time="20.865" errors="0" timestamp="2025-08-28T14:46:48 IST">
  <testcase classname="baseBestBuy.BaseClassBB" name="@BeforeMethod start" time="5.478">
    <failure type="org.openqa.selenium.SessionNotCreatedException" message="Could not start a new session. Response code 500. Message: session not created: This version of ChromeDriver only supports Chrome version 114
Current browser version is 139.0.7258.139 with binary path C:\Program Files\Google\Chrome\Application\chrome.exe 
Host info: host: &amp;apos;DESKTOP-NV9V8N4&amp;apos;, ip: &amp;apos;192.168.1.14&amp;apos;
Build info: version: &amp;apos;4.11.0&amp;apos;, revision: &amp;apos;040bc5406b&amp;apos;
System info: os.name: &amp;apos;Windows 10&amp;apos;, os.arch: &amp;apos;amd64&amp;apos;, os.version: &amp;apos;10.0&amp;apos;, java.version: &amp;apos;21.0.7&amp;apos;
Driver info: org.openqa.selenium.chrome.ChromeDriver
Command: [null, newSession {capabilities=[Capabilities {browserName: chrome, goog:chromeOptions: {args: [--remote-allow-origins=*], extensions: []}}]}]">
      <![CDATA[org.openqa.selenium.SessionNotCreatedException: Could not start a new session. Response code 500. Message: session not created: This version of ChromeDriver only supports Chrome version 114
Current browser version is 139.0.7258.139 with binary path C:\Program Files\Google\Chrome\Application\chrome.exe 
Host info: host: 'DESKTOP-NV9V8N4', ip: '192.168.1.14'
Build info: version: '4.11.0', revision: '040bc5406b'
System info: os.name: 'Windows 10', os.arch: 'amd64', os.version: '10.0', java.version: '21.0.7'
Driver info: org.openqa.selenium.chrome.ChromeDriver
Command: [null, newSession {capabilities=[Capabilities {browserName: chrome, goog:chromeOptions: {args: [--remote-allow-origins=*], extensions: []}}]}]
at org.openqa.selenium.remote.ProtocolHandshake.createSession(ProtocolHandshake.java:140)
at org.openqa.selenium.remote.ProtocolHandshake.createSession(ProtocolHandshake.java:96)
at org.openqa.selenium.remote.ProtocolHandshake.createSession(ProtocolHandshake.java:68)
at org.openqa.selenium.remote.HttpCommandExecutor.execute(HttpCommandExecutor.java:163)
at org.openqa.selenium.remote.service.DriverCommandExecutor.invokeExecute(DriverCommandExecutor.java:196)
at org.openqa.selenium.remote.service.DriverCommandExecutor.execute(DriverCommandExecutor.java:171)
at org.openqa.selenium.remote.RemoteWebDriver.execute(RemoteWebDriver.java:518)
at org.openqa.selenium.remote.RemoteWebDriver.startSession(RemoteWebDriver.java:232)
at org.openqa.selenium.remote.RemoteWebDriver.<init>(RemoteWebDriver.java:159)
at org.openqa.selenium.chromium.ChromiumDriver.<init>(ChromiumDriver.java:108)
at org.openqa.selenium.chrome.ChromeDriver.<init>(ChromeDriver.java:88)
at org.openqa.selenium.chrome.ChromeDriver.<init>(ChromeDriver.java:83)
at org.openqa.selenium.chrome.ChromeDriver.<init>(ChromeDriver.java:72)
at utilsBestBuy.UtilsBB.launchBrowser(UtilsBB.java:63)
at baseBestBuy.BaseClassBB.start(BaseClassBB.java:40)
at java.base/java.util.ArrayList.forEach(ArrayList.java:1596)
... Removed 29 stack frames]]>
    </failure>
  </testcase> <!-- @BeforeMethod start -->
  <testcase classname="baseBestBuy.BaseClassBB" name="@AfterMethod close" time="0.0">
    <skipped/>
  </testcase> <!-- @AfterMethod close -->
  <testcase classname="baseBestBuy.BaseClassBB" name="@BeforeMethod start" time="1.622">
    <failure type="org.openqa.selenium.SessionNotCreatedException" message="Could not start a new session. Response code 500. Message: session not created: This version of ChromeDriver only supports Chrome version 114
Current browser version is 139.0.7258.139 with binary path C:\Program Files\Google\Chrome\Application\chrome.exe 
Host info: host: &amp;apos;DESKTOP-NV9V8N4&amp;apos;, ip: &amp;apos;192.168.1.14&amp;apos;
Build info: version: &amp;apos;4.11.0&amp;apos;, revision: &amp;apos;040bc5406b&amp;apos;
System info: os.name: &amp;apos;Windows 10&amp;apos;, os.arch: &amp;apos;amd64&amp;apos;, os.version: &amp;apos;10.0&amp;apos;, java.version: &amp;apos;21.0.7&amp;apos;
Driver info: org.openqa.selenium.chrome.ChromeDriver
Command: [null, newSession {capabilities=[Capabilities {browserName: chrome, goog:chromeOptions: {args: [--remote-allow-origins=*], extensions: []}}]}]">
      <![CDATA[org.openqa.selenium.SessionNotCreatedException: Could not start a new session. Response code 500. Message: session not created: This version of ChromeDriver only supports Chrome version 114
Current browser version is 139.0.7258.139 with binary path C:\Program Files\Google\Chrome\Application\chrome.exe 
Host info: host: 'DESKTOP-NV9V8N4', ip: '192.168.1.14'
Build info: version: '4.11.0', revision: '040bc5406b'
System info: os.name: 'Windows 10', os.arch: 'amd64', os.version: '10.0', java.version: '21.0.7'
Driver info: org.openqa.selenium.chrome.ChromeDriver
Command: [null, newSession {capabilities=[Capabilities {browserName: chrome, goog:chromeOptions: {args: [--remote-allow-origins=*], extensions: []}}]}]
at org.openqa.selenium.remote.ProtocolHandshake.createSession(ProtocolHandshake.java:140)
at org.openqa.selenium.remote.ProtocolHandshake.createSession(ProtocolHandshake.java:96)
at org.openqa.selenium.remote.ProtocolHandshake.createSession(ProtocolHandshake.java:68)
at org.openqa.selenium.remote.HttpCommandExecutor.execute(HttpCommandExecutor.java:163)
at org.openqa.selenium.remote.service.DriverCommandExecutor.invokeExecute(DriverCommandExecutor.java:196)
at org.openqa.selenium.remote.service.DriverCommandExecutor.execute(DriverCommandExecutor.java:171)
at org.openqa.selenium.remote.RemoteWebDriver.execute(RemoteWebDriver.java:518)
at org.openqa.selenium.remote.RemoteWebDriver.startSession(RemoteWebDriver.java:232)
at org.openqa.selenium.remote.RemoteWebDriver.<init>(RemoteWebDriver.java:159)
at org.openqa.selenium.chromium.ChromiumDriver.<init>(ChromiumDriver.java:108)
at org.openqa.selenium.chrome.ChromeDriver.<init>(ChromeDriver.java:88)
at org.openqa.selenium.chrome.ChromeDriver.<init>(ChromeDriver.java:83)
at org.openqa.selenium.chrome.ChromeDriver.<init>(ChromeDriver.java:72)
at utilsBestBuy.UtilsBB.launchBrowser(UtilsBB.java:63)
at baseBestBuy.BaseClassBB.start(BaseClassBB.java:40)
at java.base/java.util.ArrayList.forEach(ArrayList.java:1596)
... Removed 29 stack frames]]>
    </failure>
  </testcase> <!-- @BeforeMethod start -->
  <testcase classname="baseBestBuy.BaseClassBB" name="@AfterMethod close" time="0.0">
    <skipped/>
  </testcase> <!-- @AfterMethod close -->
  <testcase classname="baseBestBuy.BaseClassBB" name="@BeforeMethod start" time="1.508">
    <failure type="org.openqa.selenium.SessionNotCreatedException" message="Could not start a new session. Response code 500. Message: session not created: This version of ChromeDriver only supports Chrome version 114
Current browser version is 139.0.7258.139 with binary path C:\Program Files\Google\Chrome\Application\chrome.exe 
Host info: host: &amp;apos;DESKTOP-NV9V8N4&amp;apos;, ip: &amp;apos;192.168.1.14&amp;apos;
Build info: version: &amp;apos;4.11.0&amp;apos;, revision: &amp;apos;040bc5406b&amp;apos;
System info: os.name: &amp;apos;Windows 10&amp;apos;, os.arch: &amp;apos;amd64&amp;apos;, os.version: &amp;apos;10.0&amp;apos;, java.version: &amp;apos;21.0.7&amp;apos;
Driver info: org.openqa.selenium.chrome.ChromeDriver
Command: [null, newSession {capabilities=[Capabilities {browserName: chrome, goog:chromeOptions: {args: [--remote-allow-origins=*], extensions: []}}]}]">
      <![CDATA[org.openqa.selenium.SessionNotCreatedException: Could not start a new session. Response code 500. Message: session not created: This version of ChromeDriver only supports Chrome version 114
Current browser version is 139.0.7258.139 with binary path C:\Program Files\Google\Chrome\Application\chrome.exe 
Host info: host: 'DESKTOP-NV9V8N4', ip: '192.168.1.14'
Build info: version: '4.11.0', revision: '040bc5406b'
System info: os.name: 'Windows 10', os.arch: 'amd64', os.version: '10.0', java.version: '21.0.7'
Driver info: org.openqa.selenium.chrome.ChromeDriver
Command: [null, newSession {capabilities=[Capabilities {browserName: chrome, goog:chromeOptions: {args: [--remote-allow-origins=*], extensions: []}}]}]
at org.openqa.selenium.remote.ProtocolHandshake.createSession(ProtocolHandshake.java:140)
at org.openqa.selenium.remote.ProtocolHandshake.createSession(ProtocolHandshake.java:96)
at org.openqa.selenium.remote.ProtocolHandshake.createSession(ProtocolHandshake.java:68)
at org.openqa.selenium.remote.HttpCommandExecutor.execute(HttpCommandExecutor.java:163)
at org.openqa.selenium.remote.service.DriverCommandExecutor.invokeExecute(DriverCommandExecutor.java:196)
at org.openqa.selenium.remote.service.DriverCommandExecutor.execute(DriverCommandExecutor.java:171)
at org.openqa.selenium.remote.RemoteWebDriver.execute(RemoteWebDriver.java:518)
at org.openqa.selenium.remote.RemoteWebDriver.startSession(RemoteWebDriver.java:232)
at org.openqa.selenium.remote.RemoteWebDriver.<init>(RemoteWebDriver.java:159)
at org.openqa.selenium.chromium.ChromiumDriver.<init>(ChromiumDriver.java:108)
at org.openqa.selenium.chrome.ChromeDriver.<init>(ChromeDriver.java:88)
at org.openqa.selenium.chrome.ChromeDriver.<init>(ChromeDriver.java:83)
at org.openqa.selenium.chrome.ChromeDriver.<init>(ChromeDriver.java:72)
at utilsBestBuy.UtilsBB.launchBrowser(UtilsBB.java:63)
at baseBestBuy.BaseClassBB.start(BaseClassBB.java:40)
at java.base/java.util.ArrayList.forEach(ArrayList.java:1596)
... Removed 29 stack frames]]>
    </failure>
  </testcase> <!-- @BeforeMethod start -->
  <testcase classname="baseBestBuy.BaseClassBB" name="@AfterMethod close" time="0.0">
    <skipped/>
  </testcase> <!-- @AfterMethod close -->
  <testcase classname="baseBestBuy.BaseClassBB" name="@BeforeMethod start" time="1.469">
    <failure type="org.openqa.selenium.SessionNotCreatedException" message="Could not start a new session. Response code 500. Message: session not created: This version of ChromeDriver only supports Chrome version 114
Current browser version is 139.0.7258.139 with binary path C:\Program Files\Google\Chrome\Application\chrome.exe 
Host info: host: &amp;apos;DESKTOP-NV9V8N4&amp;apos;, ip: &amp;apos;192.168.1.14&amp;apos;
Build info: version: &amp;apos;4.11.0&amp;apos;, revision: &amp;apos;040bc5406b&amp;apos;
System info: os.name: &amp;apos;Windows 10&amp;apos;, os.arch: &amp;apos;amd64&amp;apos;, os.version: &amp;apos;10.0&amp;apos;, java.version: &amp;apos;21.0.7&amp;apos;
Driver info: org.openqa.selenium.chrome.ChromeDriver
Command: [null, newSession {capabilities=[Capabilities {browserName: chrome, goog:chromeOptions: {args: [--remote-allow-origins=*], extensions: []}}]}]">
      <![CDATA[org.openqa.selenium.SessionNotCreatedException: Could not start a new session. Response code 500. Message: session not created: This version of ChromeDriver only supports Chrome version 114
Current browser version is 139.0.7258.139 with binary path C:\Program Files\Google\Chrome\Application\chrome.exe 
Host info: host: 'DESKTOP-NV9V8N4', ip: '192.168.1.14'
Build info: version: '4.11.0', revision: '040bc5406b'
System info: os.name: 'Windows 10', os.arch: 'amd64', os.version: '10.0', java.version: '21.0.7'
Driver info: org.openqa.selenium.chrome.ChromeDriver
Command: [null, newSession {capabilities=[Capabilities {browserName: chrome, goog:chromeOptions: {args: [--remote-allow-origins=*], extensions: []}}]}]
at org.openqa.selenium.remote.ProtocolHandshake.createSession(ProtocolHandshake.java:140)
at org.openqa.selenium.remote.ProtocolHandshake.createSession(ProtocolHandshake.java:96)
at org.openqa.selenium.remote.ProtocolHandshake.createSession(ProtocolHandshake.java:68)
at org.openqa.selenium.remote.HttpCommandExecutor.execute(HttpCommandExecutor.java:163)
at org.openqa.selenium.remote.service.DriverCommandExecutor.invokeExecute(DriverCommandExecutor.java:196)
at org.openqa.selenium.remote.service.DriverCommandExecutor.execute(DriverCommandExecutor.java:171)
at org.openqa.selenium.remote.RemoteWebDriver.execute(RemoteWebDriver.java:518)
at org.openqa.selenium.remote.RemoteWebDriver.startSession(RemoteWebDriver.java:232)
at org.openqa.selenium.remote.RemoteWebDriver.<init>(RemoteWebDriver.java:159)
at org.openqa.selenium.chromium.ChromiumDriver.<init>(ChromiumDriver.java:108)
at org.openqa.selenium.chrome.ChromeDriver.<init>(ChromeDriver.java:88)
at org.openqa.selenium.chrome.ChromeDriver.<init>(ChromeDriver.java:83)
at org.openqa.selenium.chrome.ChromeDriver.<init>(ChromeDriver.java:72)
at utilsBestBuy.UtilsBB.launchBrowser(UtilsBB.java:63)
at baseBestBuy.BaseClassBB.start(BaseClassBB.java:40)
at java.base/java.util.ArrayList.forEach(ArrayList.java:1596)
... Removed 29 stack frames]]>
    </failure>
  </testcase> <!-- @BeforeMethod start -->
  <testcase classname="baseBestBuy.BaseClassBB" name="@AfterMethod close" time="0.0">
    <skipped/>
  </testcase> <!-- @AfterMethod close -->
  <testcase classname="baseBestBuy.BaseClassBB" name="@BeforeMethod start" time="1.419">
    <failure type="org.openqa.selenium.SessionNotCreatedException" message="Could not start a new session. Response code 500. Message: session not created: This version of ChromeDriver only supports Chrome version 114
Current browser version is 139.0.7258.139 with binary path C:\Program Files\Google\Chrome\Application\chrome.exe 
Host info: host: &amp;apos;DESKTOP-NV9V8N4&amp;apos;, ip: &amp;apos;192.168.1.14&amp;apos;
Build info: version: &amp;apos;4.11.0&amp;apos;, revision: &amp;apos;040bc5406b&amp;apos;
System info: os.name: &amp;apos;Windows 10&amp;apos;, os.arch: &amp;apos;amd64&amp;apos;, os.version: &amp;apos;10.0&amp;apos;, java.version: &amp;apos;21.0.7&amp;apos;
Driver info: org.openqa.selenium.chrome.ChromeDriver
Command: [null, newSession {capabilities=[Capabilities {browserName: chrome, goog:chromeOptions: {args: [--remote-allow-origins=*], extensions: []}}]}]">
      <![CDATA[org.openqa.selenium.SessionNotCreatedException: Could not start a new session. Response code 500. Message: session not created: This version of ChromeDriver only supports Chrome version 114
Current browser version is 139.0.7258.139 with binary path C:\Program Files\Google\Chrome\Application\chrome.exe 
Host info: host: 'DESKTOP-NV9V8N4', ip: '192.168.1.14'
Build info: version: '4.11.0', revision: '040bc5406b'
System info: os.name: 'Windows 10', os.arch: 'amd64', os.version: '10.0', java.version: '21.0.7'
Driver info: org.openqa.selenium.chrome.ChromeDriver
Command: [null, newSession {capabilities=[Capabilities {browserName: chrome, goog:chromeOptions: {args: [--remote-allow-origins=*], extensions: []}}]}]
at org.openqa.selenium.remote.ProtocolHandshake.createSession(ProtocolHandshake.java:140)
at org.openqa.selenium.remote.ProtocolHandshake.createSession(ProtocolHandshake.java:96)
at org.openqa.selenium.remote.ProtocolHandshake.createSession(ProtocolHandshake.java:68)
at org.openqa.selenium.remote.HttpCommandExecutor.execute(HttpCommandExecutor.java:163)
at org.openqa.selenium.remote.service.DriverCommandExecutor.invokeExecute(DriverCommandExecutor.java:196)
at org.openqa.selenium.remote.service.DriverCommandExecutor.execute(DriverCommandExecutor.java:171)
at org.openqa.selenium.remote.RemoteWebDriver.execute(RemoteWebDriver.java:518)
at org.openqa.selenium.remote.RemoteWebDriver.startSession(RemoteWebDriver.java:232)
at org.openqa.selenium.remote.RemoteWebDriver.<init>(RemoteWebDriver.java:159)
at org.openqa.selenium.chromium.ChromiumDriver.<init>(ChromiumDriver.java:108)
at org.openqa.selenium.chrome.ChromeDriver.<init>(ChromeDriver.java:88)
at org.openqa.selenium.chrome.ChromeDriver.<init>(ChromeDriver.java:83)
at org.openqa.selenium.chrome.ChromeDriver.<init>(ChromeDriver.java:72)
at utilsBestBuy.UtilsBB.launchBrowser(UtilsBB.java:63)
at baseBestBuy.BaseClassBB.start(BaseClassBB.java:40)
at java.base/java.util.ArrayList.forEach(ArrayList.java:1596)
... Removed 29 stack frames]]>
    </failure>
  </testcase> <!-- @BeforeMethod start -->
  <testcase classname="baseBestBuy.BaseClassBB" name="@AfterMethod close" time="0.0">
    <skipped/>
  </testcase> <!-- @AfterMethod close -->
  <testcase classname="baseBestBuy.BaseClassBB" name="@BeforeMethod start" time="1.327">
    <failure type="org.openqa.selenium.SessionNotCreatedException" message="Could not start a new session. Response code 500. Message: session not created: This version of ChromeDriver only supports Chrome version 114
Current browser version is 139.0.7258.139 with binary path C:\Program Files\Google\Chrome\Application\chrome.exe 
Host info: host: &amp;apos;DESKTOP-NV9V8N4&amp;apos;, ip: &amp;apos;192.168.1.14&amp;apos;
Build info: version: &amp;apos;4.11.0&amp;apos;, revision: &amp;apos;040bc5406b&amp;apos;
System info: os.name: &amp;apos;Windows 10&amp;apos;, os.arch: &amp;apos;amd64&amp;apos;, os.version: &amp;apos;10.0&amp;apos;, java.version: &amp;apos;21.0.7&amp;apos;
Driver info: org.openqa.selenium.chrome.ChromeDriver
Command: [null, newSession {capabilities=[Capabilities {browserName: chrome, goog:chromeOptions: {args: [--remote-allow-origins=*], extensions: []}}]}]">
      <![CDATA[org.openqa.selenium.SessionNotCreatedException: Could not start a new session. Response code 500. Message: session not created: This version of ChromeDriver only supports Chrome version 114
Current browser version is 139.0.7258.139 with binary path C:\Program Files\Google\Chrome\Application\chrome.exe 
Host info: host: 'DESKTOP-NV9V8N4', ip: '192.168.1.14'
Build info: version: '4.11.0', revision: '040bc5406b'
System info: os.name: 'Windows 10', os.arch: 'amd64', os.version: '10.0', java.version: '21.0.7'
Driver info: org.openqa.selenium.chrome.ChromeDriver
Command: [null, newSession {capabilities=[Capabilities {browserName: chrome, goog:chromeOptions: {args: [--remote-allow-origins=*], extensions: []}}]}]
at org.openqa.selenium.remote.ProtocolHandshake.createSession(ProtocolHandshake.java:140)
at org.openqa.selenium.remote.ProtocolHandshake.createSession(ProtocolHandshake.java:96)
at org.openqa.selenium.remote.ProtocolHandshake.createSession(ProtocolHandshake.java:68)
at org.openqa.selenium.remote.HttpCommandExecutor.execute(HttpCommandExecutor.java:163)
at org.openqa.selenium.remote.service.DriverCommandExecutor.invokeExecute(DriverCommandExecutor.java:196)
at org.openqa.selenium.remote.service.DriverCommandExecutor.execute(DriverCommandExecutor.java:171)
at org.openqa.selenium.remote.RemoteWebDriver.execute(RemoteWebDriver.java:518)
at org.openqa.selenium.remote.RemoteWebDriver.startSession(RemoteWebDriver.java:232)
at org.openqa.selenium.remote.RemoteWebDriver.<init>(RemoteWebDriver.java:159)
at org.openqa.selenium.chromium.ChromiumDriver.<init>(ChromiumDriver.java:108)
at org.openqa.selenium.chrome.ChromeDriver.<init>(ChromeDriver.java:88)
at org.openqa.selenium.chrome.ChromeDriver.<init>(ChromeDriver.java:83)
at org.openqa.selenium.chrome.ChromeDriver.<init>(ChromeDriver.java:72)
at utilsBestBuy.UtilsBB.launchBrowser(UtilsBB.java:63)
at baseBestBuy.BaseClassBB.start(BaseClassBB.java:40)
at java.base/java.util.ArrayList.forEach(ArrayList.java:1596)
... Removed 29 stack frames]]>
    </failure>
  </testcase> <!-- @BeforeMethod start -->
  <testcase classname="baseBestBuy.BaseClassBB" name="@AfterMethod close" time="0.0">
    <skipped/>
  </testcase> <!-- @AfterMethod close -->
  <testcase classname="baseBestBuy.BaseClassBB" name="@BeforeMethod start" time="1.399">
    <failure type="org.openqa.selenium.SessionNotCreatedException" message="Could not start a new session. Response code 500. Message: session not created: This version of ChromeDriver only supports Chrome version 114
Current browser version is 139.0.7258.139 with binary path C:\Program Files\Google\Chrome\Application\chrome.exe 
Host info: host: &amp;apos;DESKTOP-NV9V8N4&amp;apos;, ip: &amp;apos;192.168.1.14&amp;apos;
Build info: version: &amp;apos;4.11.0&amp;apos;, revision: &amp;apos;040bc5406b&amp;apos;
System info: os.name: &amp;apos;Windows 10&amp;apos;, os.arch: &amp;apos;amd64&amp;apos;, os.version: &amp;apos;10.0&amp;apos;, java.version: &amp;apos;21.0.7&amp;apos;
Driver info: org.openqa.selenium.chrome.ChromeDriver
Command: [null, newSession {capabilities=[Capabilities {browserName: chrome, goog:chromeOptions: {args: [--remote-allow-origins=*], extensions: []}}]}]">
      <![CDATA[org.openqa.selenium.SessionNotCreatedException: Could not start a new session. Response code 500. Message: session not created: This version of ChromeDriver only supports Chrome version 114
Current browser version is 139.0.7258.139 with binary path C:\Program Files\Google\Chrome\Application\chrome.exe 
Host info: host: 'DESKTOP-NV9V8N4', ip: '192.168.1.14'
Build info: version: '4.11.0', revision: '040bc5406b'
System info: os.name: 'Windows 10', os.arch: 'amd64', os.version: '10.0', java.version: '21.0.7'
Driver info: org.openqa.selenium.chrome.ChromeDriver
Command: [null, newSession {capabilities=[Capabilities {browserName: chrome, goog:chromeOptions: {args: [--remote-allow-origins=*], extensions: []}}]}]
at org.openqa.selenium.remote.ProtocolHandshake.createSession(ProtocolHandshake.java:140)
at org.openqa.selenium.remote.ProtocolHandshake.createSession(ProtocolHandshake.java:96)
at org.openqa.selenium.remote.ProtocolHandshake.createSession(ProtocolHandshake.java:68)
at org.openqa.selenium.remote.HttpCommandExecutor.execute(HttpCommandExecutor.java:163)
at org.openqa.selenium.remote.service.DriverCommandExecutor.invokeExecute(DriverCommandExecutor.java:196)
at org.openqa.selenium.remote.service.DriverCommandExecutor.execute(DriverCommandExecutor.java:171)
at org.openqa.selenium.remote.RemoteWebDriver.execute(RemoteWebDriver.java:518)
at org.openqa.selenium.remote.RemoteWebDriver.startSession(RemoteWebDriver.java:232)
at org.openqa.selenium.remote.RemoteWebDriver.<init>(RemoteWebDriver.java:159)
at org.openqa.selenium.chromium.ChromiumDriver.<init>(ChromiumDriver.java:108)
at org.openqa.selenium.chrome.ChromeDriver.<init>(ChromeDriver.java:88)
at org.openqa.selenium.chrome.ChromeDriver.<init>(ChromeDriver.java:83)
at org.openqa.selenium.chrome.ChromeDriver.<init>(ChromeDriver.java:72)
at utilsBestBuy.UtilsBB.launchBrowser(UtilsBB.java:63)
at baseBestBuy.BaseClassBB.start(BaseClassBB.java:40)
at java.base/java.util.ArrayList.forEach(ArrayList.java:1596)
... Removed 29 stack frames]]>
    </failure>
  </testcase> <!-- @BeforeMethod start -->
  <testcase classname="baseBestBuy.BaseClassBB" name="@AfterMethod close" time="0.0">
    <skipped/>
  </testcase> <!-- @AfterMethod close -->
  <testcase classname="baseBestBuy.BaseClassBB" name="@BeforeMethod start" time="0.0">
    <skipped/>
  </testcase> <!-- @BeforeMethod start -->
  <testcase classname="baseBestBuy.BaseClassBB" name="@AfterMethod close" time="0.0">
    <skipped/>
  </testcase> <!-- @AfterMethod close -->
  <testcase classname="baseBestBuy.BaseClassBB" name="@BeforeMethod start" time="0.0">
    <skipped/>
  </testcase> <!-- @BeforeMethod start -->
  <testcase classname="baseBestBuy.BaseClassBB" name="@AfterMethod close" time="0.0">
    <skipped/>
  </testcase> <!-- @AfterMethod close -->
  <testcase classname="baseBestBuy.BaseClassBB" name="@BeforeMethod start" time="0.0">
    <skipped/>
  </testcase> <!-- @BeforeMethod start -->
  <testcase classname="baseBestBuy.BaseClassBB" name="@AfterMethod close" time="0.0">
    <skipped/>
  </testcase> <!-- @AfterMethod close -->
  <testcase classname="baseBestBuy.BaseClassBB" name="@BeforeMethod start" time="0.0">
    <skipped/>
  </testcase> <!-- @BeforeMethod start -->
  <testcase classname="baseBestBuy.BaseClassBB" name="@AfterMethod close" time="0.0">
    <skipped/>
  </testcase> <!-- @AfterMethod close -->
  <testcase classname="baseBestBuy.BaseClassBB" name="@BeforeMethod start" time="0.0">
    <skipped/>
  </testcase> <!-- @BeforeMethod start -->
  <testcase classname="baseBestBuy.BaseClassBB" name="@AfterMethod close" time="0.0">
    <skipped/>
  </testcase> <!-- @AfterMethod close -->
  <testcase classname="baseBestBuy.BaseClassBB" name="@BeforeMethod start" time="0.0">
    <skipped/>
  </testcase> <!-- @BeforeMethod start -->
  <testcase classname="baseBestBuy.BaseClassBB" name="@AfterMethod close" time="0.0">
    <skipped/>
  </testcase> <!-- @AfterMethod close -->
  <testcase classname="baseBestBuy.BaseClassBB" name="@BeforeMethod start" time="0.0">
    <skipped/>
  </testcase> <!-- @BeforeMethod start -->
  <testcase classname="baseBestBuy.BaseClassBB" name="@AfterMethod close" time="0.0">
    <skipped/>
  </testcase> <!-- @AfterMethod close -->
  <testcase classname="baseBestBuy.BaseClassBB" name="@BeforeMethod start" time="0.0">
    <skipped/>
  </testcase> <!-- @BeforeMethod start -->
  <testcase classname="baseBestBuy.BaseClassBB" name="@AfterMethod close" time="0.0">
    <skipped/>
  </testcase> <!-- @AfterMethod close -->
  <testcase classname="baseBestBuy.BaseClassBB" name="@BeforeMethod start" time="0.0">
    <skipped/>
  </testcase> <!-- @BeforeMethod start -->
  <testcase classname="baseBestBuy.BaseClassBB" name="@AfterMethod close" time="0.0">
    <skipped/>
  </testcase> <!-- @AfterMethod close -->
  <testcase classname="baseBestBuy.BaseClassBB" name="@BeforeMethod start" time="0.0">
    <skipped/>
  </testcase> <!-- @BeforeMethod start -->
  <testcase classname="baseBestBuy.BaseClassBB" name="@AfterMethod close" time="0.0">
    <skipped/>
  </testcase> <!-- @AfterMethod close -->
  <testcase classname="baseBestBuy.BaseClassBB" name="@BeforeMethod start" time="1.353">
    <failure type="org.openqa.selenium.SessionNotCreatedException" message="Could not start a new session. Response code 500. Message: session not created: This version of ChromeDriver only supports Chrome version 114
Current browser version is 139.0.7258.139 with binary path C:\Program Files\Google\Chrome\Application\chrome.exe 
Host info: host: &amp;apos;DESKTOP-NV9V8N4&amp;apos;, ip: &amp;apos;192.168.1.14&amp;apos;
Build info: version: &amp;apos;4.11.0&amp;apos;, revision: &amp;apos;040bc5406b&amp;apos;
System info: os.name: &amp;apos;Windows 10&amp;apos;, os.arch: &amp;apos;amd64&amp;apos;, os.version: &amp;apos;10.0&amp;apos;, java.version: &amp;apos;21.0.7&amp;apos;
Driver info: org.openqa.selenium.chrome.ChromeDriver
Command: [null, newSession {capabilities=[Capabilities {browserName: chrome, goog:chromeOptions: {args: [--remote-allow-origins=*], extensions: []}}]}]">
      <![CDATA[org.openqa.selenium.SessionNotCreatedException: Could not start a new session. Response code 500. Message: session not created: This version of ChromeDriver only supports Chrome version 114
Current browser version is 139.0.7258.139 with binary path C:\Program Files\Google\Chrome\Application\chrome.exe 
Host info: host: 'DESKTOP-NV9V8N4', ip: '192.168.1.14'
Build info: version: '4.11.0', revision: '040bc5406b'
System info: os.name: 'Windows 10', os.arch: 'amd64', os.version: '10.0', java.version: '21.0.7'
Driver info: org.openqa.selenium.chrome.ChromeDriver
Command: [null, newSession {capabilities=[Capabilities {browserName: chrome, goog:chromeOptions: {args: [--remote-allow-origins=*], extensions: []}}]}]
at org.openqa.selenium.remote.ProtocolHandshake.createSession(ProtocolHandshake.java:140)
at org.openqa.selenium.remote.ProtocolHandshake.createSession(ProtocolHandshake.java:96)
at org.openqa.selenium.remote.ProtocolHandshake.createSession(ProtocolHandshake.java:68)
at org.openqa.selenium.remote.HttpCommandExecutor.execute(HttpCommandExecutor.java:163)
at org.openqa.selenium.remote.service.DriverCommandExecutor.invokeExecute(DriverCommandExecutor.java:196)
at org.openqa.selenium.remote.service.DriverCommandExecutor.execute(DriverCommandExecutor.java:171)
at org.openqa.selenium.remote.RemoteWebDriver.execute(RemoteWebDriver.java:518)
at org.openqa.selenium.remote.RemoteWebDriver.startSession(RemoteWebDriver.java:232)
at org.openqa.selenium.remote.RemoteWebDriver.<init>(RemoteWebDriver.java:159)
at org.openqa.selenium.chromium.ChromiumDriver.<init>(ChromiumDriver.java:108)
at org.openqa.selenium.chrome.ChromeDriver.<init>(ChromeDriver.java:88)
at org.openqa.selenium.chrome.ChromeDriver.<init>(ChromeDriver.java:83)
at org.openqa.selenium.chrome.ChromeDriver.<init>(ChromeDriver.java:72)
at utilsBestBuy.UtilsBB.launchBrowser(UtilsBB.java:63)
at baseBestBuy.BaseClassBB.start(BaseClassBB.java:40)
at java.base/java.util.ArrayList.forEach(ArrayList.java:1596)
... Removed 29 stack frames]]>
    </failure>
  </testcase> <!-- @BeforeMethod start -->
  <testcase classname="baseBestBuy.BaseClassBB" name="@AfterMethod close" time="0.0">
    <skipped/>
  </testcase> <!-- @AfterMethod close -->
  <testcase classname="baseBestBuy.BaseClassBB" name="@BeforeMethod start" time="0.0">
    <skipped/>
  </testcase> <!-- @BeforeMethod start -->
  <testcase classname="baseBestBuy.BaseClassBB" name="@AfterMethod close" time="0.0">
    <skipped/>
  </testcase> <!-- @AfterMethod close -->
  <testcase classname="baseBestBuy.BaseClassBB" name="@BeforeMethod start" time="0.0">
    <skipped/>
  </testcase> <!-- @BeforeMethod start -->
  <testcase classname="baseBestBuy.BaseClassBB" name="@AfterMethod close" time="0.0">
    <skipped/>
  </testcase> <!-- @AfterMethod close -->
  <testcase classname="baseBestBuy.BaseClassBB" name="@BeforeMethod start" time="0.0">
    <skipped/>
  </testcase> <!-- @BeforeMethod start -->
  <testcase classname="baseBestBuy.BaseClassBB" name="@AfterMethod close" time="0.0">
    <skipped/>
  </testcase> <!-- @AfterMethod close -->
  <testcase classname="baseBestBuy.BaseClassBB" name="@BeforeMethod start" time="1.418">
    <failure type="org.openqa.selenium.SessionNotCreatedException" message="Could not start a new session. Response code 500. Message: session not created: This version of ChromeDriver only supports Chrome version 114
Current browser version is 139.0.7258.139 with binary path C:\Program Files\Google\Chrome\Application\chrome.exe 
Host info: host: &amp;apos;DESKTOP-NV9V8N4&amp;apos;, ip: &amp;apos;192.168.1.14&amp;apos;
Build info: version: &amp;apos;4.11.0&amp;apos;, revision: &amp;apos;040bc5406b&amp;apos;
System info: os.name: &amp;apos;Windows 10&amp;apos;, os.arch: &amp;apos;amd64&amp;apos;, os.version: &amp;apos;10.0&amp;apos;, java.version: &amp;apos;21.0.7&amp;apos;
Driver info: org.openqa.selenium.chrome.ChromeDriver
Command: [null, newSession {capabilities=[Capabilities {browserName: chrome, goog:chromeOptions: {args: [--remote-allow-origins=*], extensions: []}}]}]">
      <![CDATA[org.openqa.selenium.SessionNotCreatedException: Could not start a new session. Response code 500. Message: session not created: This version of ChromeDriver only supports Chrome version 114
Current browser version is 139.0.7258.139 with binary path C:\Program Files\Google\Chrome\Application\chrome.exe 
Host info: host: 'DESKTOP-NV9V8N4', ip: '192.168.1.14'
Build info: version: '4.11.0', revision: '040bc5406b'
System info: os.name: 'Windows 10', os.arch: 'amd64', os.version: '10.0', java.version: '21.0.7'
Driver info: org.openqa.selenium.chrome.ChromeDriver
Command: [null, newSession {capabilities=[Capabilities {browserName: chrome, goog:chromeOptions: {args: [--remote-allow-origins=*], extensions: []}}]}]
at org.openqa.selenium.remote.ProtocolHandshake.createSession(ProtocolHandshake.java:140)
at org.openqa.selenium.remote.ProtocolHandshake.createSession(ProtocolHandshake.java:96)
at org.openqa.selenium.remote.ProtocolHandshake.createSession(ProtocolHandshake.java:68)
at org.openqa.selenium.remote.HttpCommandExecutor.execute(HttpCommandExecutor.java:163)
at org.openqa.selenium.remote.service.DriverCommandExecutor.invokeExecute(DriverCommandExecutor.java:196)
at org.openqa.selenium.remote.service.DriverCommandExecutor.execute(DriverCommandExecutor.java:171)
at org.openqa.selenium.remote.RemoteWebDriver.execute(RemoteWebDriver.java:518)
at org.openqa.selenium.remote.RemoteWebDriver.startSession(RemoteWebDriver.java:232)
at org.openqa.selenium.remote.RemoteWebDriver.<init>(RemoteWebDriver.java:159)
at org.openqa.selenium.chromium.ChromiumDriver.<init>(ChromiumDriver.java:108)
at org.openqa.selenium.chrome.ChromeDriver.<init>(ChromeDriver.java:88)
at org.openqa.selenium.chrome.ChromeDriver.<init>(ChromeDriver.java:83)
at org.openqa.selenium.chrome.ChromeDriver.<init>(ChromeDriver.java:72)
at utilsBestBuy.UtilsBB.launchBrowser(UtilsBB.java:63)
at baseBestBuy.BaseClassBB.start(BaseClassBB.java:40)
at java.base/java.util.ArrayList.forEach(ArrayList.java:1596)
... Removed 29 stack frames]]>
    </failure>
  </testcase> <!-- @BeforeMethod start -->
  <testcase classname="baseBestBuy.BaseClassBB" name="@AfterMethod close" time="0.0">
    <skipped/>
  </testcase> <!-- @AfterMethod close -->
  <testcase classname="baseBestBuy.BaseClassBB" name="@BeforeMethod start" time="1.39">
    <failure type="org.openqa.selenium.SessionNotCreatedException" message="Could not start a new session. Response code 500. Message: session not created: This version of ChromeDriver only supports Chrome version 114
Current browser version is 139.0.7258.139 with binary path C:\Program Files\Google\Chrome\Application\chrome.exe 
Host info: host: &amp;apos;DESKTOP-NV9V8N4&amp;apos;, ip: &amp;apos;192.168.1.14&amp;apos;
Build info: version: &amp;apos;4.11.0&amp;apos;, revision: &amp;apos;040bc5406b&amp;apos;
System info: os.name: &amp;apos;Windows 10&amp;apos;, os.arch: &amp;apos;amd64&amp;apos;, os.version: &amp;apos;10.0&amp;apos;, java.version: &amp;apos;21.0.7&amp;apos;
Driver info: org.openqa.selenium.chrome.ChromeDriver
Command: [null, newSession {capabilities=[Capabilities {browserName: chrome, goog:chromeOptions: {args: [--remote-allow-origins=*], extensions: []}}]}]">
      <![CDATA[org.openqa.selenium.SessionNotCreatedException: Could not start a new session. Response code 500. Message: session not created: This version of ChromeDriver only supports Chrome version 114
Current browser version is 139.0.7258.139 with binary path C:\Program Files\Google\Chrome\Application\chrome.exe 
Host info: host: 'DESKTOP-NV9V8N4', ip: '192.168.1.14'
Build info: version: '4.11.0', revision: '040bc5406b'
System info: os.name: 'Windows 10', os.arch: 'amd64', os.version: '10.0', java.version: '21.0.7'
Driver info: org.openqa.selenium.chrome.ChromeDriver
Command: [null, newSession {capabilities=[Capabilities {browserName: chrome, goog:chromeOptions: {args: [--remote-allow-origins=*], extensions: []}}]}]
at org.openqa.selenium.remote.ProtocolHandshake.createSession(ProtocolHandshake.java:140)
at org.openqa.selenium.remote.ProtocolHandshake.createSession(ProtocolHandshake.java:96)
at org.openqa.selenium.remote.ProtocolHandshake.createSession(ProtocolHandshake.java:68)
at org.openqa.selenium.remote.HttpCommandExecutor.execute(HttpCommandExecutor.java:163)
at org.openqa.selenium.remote.service.DriverCommandExecutor.invokeExecute(DriverCommandExecutor.java:196)
at org.openqa.selenium.remote.service.DriverCommandExecutor.execute(DriverCommandExecutor.java:171)
at org.openqa.selenium.remote.RemoteWebDriver.execute(RemoteWebDriver.java:518)
at org.openqa.selenium.remote.RemoteWebDriver.startSession(RemoteWebDriver.java:232)
at org.openqa.selenium.remote.RemoteWebDriver.<init>(RemoteWebDriver.java:159)
at org.openqa.selenium.chromium.ChromiumDriver.<init>(ChromiumDriver.java:108)
at org.openqa.selenium.chrome.ChromeDriver.<init>(ChromeDriver.java:88)
at org.openqa.selenium.chrome.ChromeDriver.<init>(ChromeDriver.java:83)
at org.openqa.selenium.chrome.ChromeDriver.<init>(ChromeDriver.java:72)
at utilsBestBuy.UtilsBB.launchBrowser(UtilsBB.java:63)
at baseBestBuy.BaseClassBB.start(BaseClassBB.java:40)
at java.base/java.util.ArrayList.forEach(ArrayList.java:1596)
... Removed 29 stack frames]]>
    </failure>
  </testcase> <!-- @BeforeMethod start -->
  <testcase classname="baseBestBuy.BaseClassBB" name="@AfterMethod close" time="0.0">
    <skipped/>
  </testcase> <!-- @AfterMethod close -->
  <testcase classname="baseBestBuy.BaseClassBB" name="@BeforeMethod start" time="0.0">
    <skipped/>
  </testcase> <!-- @BeforeMethod start -->
  <testcase classname="baseBestBuy.BaseClassBB" name="@AfterMethod close" time="0.0">
    <skipped/>
  </testcase> <!-- @AfterMethod close -->
  <testcase classname="baseBestBuy.BaseClassBB" name="@BeforeMethod start" time="0.0">
    <skipped/>
  </testcase> <!-- @BeforeMethod start -->
  <testcase classname="baseBestBuy.BaseClassBB" name="@AfterMethod close" time="0.0">
    <skipped/>
  </testcase> <!-- @AfterMethod close -->
  <testcase classname="baseBestBuy.BaseClassBB" name="@BeforeMethod start" time="0.0">
    <skipped/>
  </testcase> <!-- @BeforeMethod start -->
  <testcase classname="baseBestBuy.BaseClassBB" name="@AfterMethod close" time="0.0">
    <skipped/>
  </testcase> <!-- @AfterMethod close -->
  <testcase classname="baseBestBuy.BaseClassBB" name="@BeforeMethod start" time="0.0">
    <skipped/>
  </testcase> <!-- @BeforeMethod start -->
  <testcase classname="baseBestBuy.BaseClassBB" name="@AfterMethod close" time="0.0">
    <skipped/>
  </testcase> <!-- @AfterMethod close -->
  <testcase classname="baseBestBuy.BaseClassBB" name="@BeforeMethod start" time="0.0">
    <skipped/>
  </testcase> <!-- @BeforeMethod start -->
  <testcase classname="baseBestBuy.BaseClassBB" name="@AfterMethod close" time="0.0">
    <skipped/>
  </testcase> <!-- @AfterMethod close -->
  <testcase classname="baseBestBuy.BaseClassBB" name="@BeforeMethod start" time="0.0">
    <skipped/>
  </testcase> <!-- @BeforeMethod start -->
  <testcase classname="baseBestBuy.BaseClassBB" name="@AfterMethod close" time="0.0">
    <skipped/>
  </testcase> <!-- @AfterMethod close -->
  <testcase classname="baseBestBuy.BaseClassBB" name="@BeforeMethod start" time="0.0">
    <skipped/>
  </testcase> <!-- @BeforeMethod start -->
  <testcase classname="baseBestBuy.BaseClassBB" name="@AfterMethod close" time="0.0">
    <skipped/>
  </testcase> <!-- @AfterMethod close -->
  <testcase classname="baseBestBuy.BaseClassBB" name="@BeforeMethod start" time="0.0">
    <skipped/>
  </testcase> <!-- @BeforeMethod start -->
  <testcase classname="baseBestBuy.BaseClassBB" name="@AfterMethod close" time="0.0">
    <skipped/>
  </testcase> <!-- @AfterMethod close -->
  <testcase classname="testCaseBestBuy.TC_09_CheckOutPageFilling" name="tc_09_CheckOutPageFilling" time="0.0">
    <skipped/>
  </testcase> <!-- tc_09_CheckOutPageFilling -->
  <testcase classname="testCaseBestBuy.TC_05_ValidateLinkInBottomOfHomePage" name="tc_05_validateLinkInBottomOfHomePage" time="0.001">
    <skipped/>
  </testcase> <!-- tc_05_validateLinkInBottomOfHomePage -->
  <testcase classname="testCaseBestBuy.TC_02_ValidateUrlIsNotBroken" name="tc_02_validateUrlIsNotBroken" time="0.005">
    <skipped/>
  </testcase> <!-- tc_02_validateUrlIsNotBroken -->
  <testcase classname="testCaseBestBuy.TC_07_SelAddItemShopByDeptMenu" name="tc_07_selAddItemShopByDeptMenu" time="0.0">
    <skipped/>
  </testcase> <!-- tc_07_selAddItemShopByDeptMenu -->
  <testcase classname="testCaseBestBuy.TC_06_SearchAddItemInCart" name="tc_06_SearchAddItemInCart" time="0.0">
    <skipped/>
  </testcase> <!-- tc_06_SearchAddItemInCart -->
  <testcase classname="testCaseBestBuy.TC_08_SelAddItemShopByBrandMenu" name="tc_08_selAddItemShopByBrandMenu" time="0.0">
    <skipped/>
  </testcase> <!-- tc_08_selAddItemShopByBrandMenu -->
  <testcase classname="testCaseBestBuy.TC_03_CreatAccountFunctionality" name="tc_03_validateCreatAccountFunctionality" time="0.0">
    <skipped/>
  </testcase> <!-- tc_03_validateCreatAccountFunctionality -->
  <testcase classname="testCaseBestBuy.TC_03_CreatAccountFunctionality" name="tc_03_validateCreatAccountFunctionality" time="0.0">
    <skipped/>
  </testcase> <!-- tc_03_validateCreatAccountFunctionality -->
  <testcase classname="testCaseBestBuy.TC_03_CreatAccountFunctionality" name="tc_03_validateCreatAccountFunctionality" time="0.0">
    <skipped/>
  </testcase> <!-- tc_03_validateCreatAccountFunctionality -->
  <testcase classname="testCaseBestBuy.TC_03_CreatAccountFunctionality" name="tc_03_validateCreatAccountFunctionality" time="0.0">
    <skipped/>
  </testcase> <!-- tc_03_validateCreatAccountFunctionality -->
  <testcase classname="testCaseBestBuy.TC_03_CreatAccountFunctionality" name="tc_03_validateCreatAccountFunctionality" time="0.0">
    <skipped/>
  </testcase> <!-- tc_03_validateCreatAccountFunctionality -->
  <testcase classname="testCaseBestBuy.TC_03_CreatAccountFunctionality" name="tc_03_validateCreatAccountFunctionality" time="0.001">
    <skipped/>
  </testcase> <!-- tc_03_validateCreatAccountFunctionality -->
  <testcase classname="testCaseBestBuy.TC_03_CreatAccountFunctionality" name="tc_03_validateCreatAccountFunctionality" time="0.0">
    <skipped/>
  </testcase> <!-- tc_03_validateCreatAccountFunctionality -->
  <testcase classname="testCaseBestBuy.TC_03_CreatAccountFunctionality" name="tc_03_validateCreatAccountFunctionality" time="0.0">
    <skipped/>
  </testcase> <!-- tc_03_validateCreatAccountFunctionality -->
  <testcase classname="testCaseBestBuy.TC_03_CreatAccountFunctionality" name="tc_03_validateCreatAccountFunctionality" time="0.0">
    <skipped/>
  </testcase> <!-- tc_03_validateCreatAccountFunctionality -->
  <testcase classname="testCaseBestBuy.TC_03_CreatAccountFunctionality" name="tc_03_validateCreatAccountFunctionality" time="0.0">
    <skipped/>
  </testcase> <!-- tc_03_validateCreatAccountFunctionality -->
  <testcase classname="testCaseBestBuy.TC_03_CreatAccountFunctionality" name="tc_03_validateCreatAccountFunctionality" time="0.0">
    <skipped/>
  </testcase> <!-- tc_03_validateCreatAccountFunctionality -->
  <testcase classname="testCaseBestBuy.TC_03_SignInFunctionality" name="tc_03_SignInFunctionality" time="0.0">
    <skipped/>
  </testcase> <!-- tc_03_SignInFunctionality -->
  <testcase classname="testCaseBestBuy.TC_03_SignInFunctionality" name="tc_03_SignInFunctionality" time="0.0">
    <skipped/>
  </testcase> <!-- tc_03_SignInFunctionality -->
  <testcase classname="testCaseBestBuy.TC_03_SignInFunctionality" name="tc_03_SignInFunctionality" time="0.0">
    <skipped/>
  </testcase> <!-- tc_03_SignInFunctionality -->
  <testcase classname="testCaseBestBuy.TC_03_SignInFunctionality" name="tc_03_SignInFunctionality" time="0.0">
    <skipped/>
  </testcase> <!-- tc_03_SignInFunctionality -->
  <testcase classname="testCaseBestBuy.TC_01_navgatingToBestBestApp" name="tc_01_navgatingToBestBestApp" time="0.0">
    <skipped/>
  </testcase> <!-- tc_01_navgatingToBestBestApp -->
  <testcase classname="testCaseBestBuy.TC_04_CheckTitleOfAllMenu" name="tc_04_CheckTitleOfAllMenu" time="0.0">
    <skipped/>
  </testcase> <!-- tc_04_CheckTitleOfAllMenu -->
  <testcase classname="testCaseBestBuy.TC_04_CheckTitleOfAllMenu" name="tc_04_CheckTitleOfAllMenu" time="0.0">
    <skipped/>
  </testcase> <!-- tc_04_CheckTitleOfAllMenu -->
  <testcase classname="testCaseBestBuy.TC_04_CheckTitleOfAllMenu" name="tc_04_CheckTitleOfAllMenu" time="0.0">
    <skipped/>
  </testcase> <!-- tc_04_CheckTitleOfAllMenu -->
  <testcase classname="testCaseBestBuy.TC_04_CheckTitleOfAllMenu" name="tc_04_CheckTitleOfAllMenu" time="0.0">
    <skipped/>
  </testcase> <!-- tc_04_CheckTitleOfAllMenu -->
  <testcase classname="testCaseBestBuy.TC_04_CheckTitleOfAllMenu" name="tc_04_CheckTitleOfAllMenu" time="0.0">
    <skipped/>
  </testcase> <!-- tc_04_CheckTitleOfAllMenu -->
  <testcase classname="testCaseBestBuy.TC_04_CheckTitleOfAllMenu" name="tc_04_CheckTitleOfAllMenu" time="0.0">
    <skipped/>
  </testcase> <!-- tc_04_CheckTitleOfAllMenu -->
  <testcase classname="testCaseBestBuy.TC_04_CheckTitleOfAllMenu" name="tc_04_CheckTitleOfAllMenu" time="0.0">
    <skipped/>
  </testcase> <!-- tc_04_CheckTitleOfAllMenu -->
  <testcase classname="testCaseBestBuy.TC_04_CheckTitleOfAllMenu" name="tc_04_CheckTitleOfAllMenu" time="0.0">
    <skipped/>
  </testcase> <!-- tc_04_CheckTitleOfAllMenu -->
  <testcase classname="testCaseBestBuy.TC_04_CheckTitleOfAllMenu" name="tc_04_CheckTitleOfAllMenu" time="0.0">
    <skipped/>
  </testcase> <!-- tc_04_CheckTitleOfAllMenu -->
  <testcase classname="baseBestBuy.BaseClassBB" name="@BeforeSuite startReport" time="0.0">
    <ignored/>
  </testcase> <!-- @BeforeSuite startReport -->
  <testcase classname="baseBestBuy.BaseClassBB" name="@AfterSuite endReport" time="0.0">
    <ignored/>
  </testcase> <!-- @AfterSuite endReport -->
  <testcase classname="baseBestBuy.BaseClassBB" name="@AfterSuite endReport" time="0.0">
    <ignored/>
  </testcase> <!-- @AfterSuite endReport -->
  <testcase classname="baseBestBuy.BaseClassBB" name="@BeforeSuite startReport" time="0.0">
    <ignored/>
  </testcase> <!-- @BeforeSuite startReport -->
  <testcase classname="baseBestBuy.BaseClassBB" name="@BeforeSuite startReport" time="0.0">
    <ignored/>
  </testcase> <!-- @BeforeSuite startReport -->
  <testcase classname="baseBestBuy.BaseClassBB" name="@BeforeSuite startReport" time="0.0">
    <ignored/>
  </testcase> <!-- @BeforeSuite startReport -->
  <testcase classname="baseBestBuy.BaseClassBB" name="@BeforeSuite startReport" time="0.0">
    <ignored/>
  </testcase> <!-- @BeforeSuite startReport -->
  <testcase classname="baseBestBuy.BaseClassBB" name="@AfterSuite endReport" time="0.0">
    <ignored/>
  </testcase> <!-- @AfterSuite endReport -->
  <testcase classname="baseBestBuy.BaseClassBB" name="@AfterSuite endReport" time="0.0">
    <ignored/>
  </testcase> <!-- @AfterSuite endReport -->
  <testcase classname="baseBestBuy.BaseClassBB" name="@AfterSuite endReport" time="0.0">
    <ignored/>
  </testcase> <!-- @AfterSuite endReport -->
  <testcase classname="baseBestBuy.BaseClassBB" name="@BeforeSuite startReport" time="0.0">
    <ignored/>
  </testcase> <!-- @BeforeSuite startReport -->
  <testcase classname="baseBestBuy.BaseClassBB" name="@AfterSuite endReport" time="0.0">
    <ignored/>
  </testcase> <!-- @AfterSuite endReport -->
  <testcase classname="baseBestBuy.BaseClassBB" name="@AfterSuite endReport" time="0.0">
    <ignored/>
  </testcase> <!-- @AfterSuite endReport -->
  <testcase classname="baseBestBuy.BaseClassBB" name="@BeforeSuite startReport" time="0.0">
    <ignored/>
  </testcase> <!-- @BeforeSuite startReport -->
  <testcase classname="baseBestBuy.BaseClassBB" name="@AfterSuite endReport" time="0.0">
    <ignored/>
  </testcase> <!-- @AfterSuite endReport -->
  <testcase classname="baseBestBuy.BaseClassBB" name="@BeforeSuite startReport" time="0.0">
    <ignored/>
  </testcase> <!-- @BeforeSuite startReport -->
  <testcase classname="baseBestBuy.BaseClassBB" name="@BeforeSuite startReport" time="0.0">
    <ignored/>
  </testcase> <!-- @BeforeSuite startReport -->
  <testcase classname="baseBestBuy.BaseClassBB" name="@AfterSuite endReport" time="0.0">
    <ignored/>
  </testcase> <!-- @AfterSuite endReport -->
</testsuite> <!-- BestBuyTest -->
